Child pid -1 ended. Current date and time is: Tue Nov  7 01:08:26 2023
Child pid -1 ended. Current date and time is: Tue Nov  7 01:08:52 2023
Child pid 10190 ended. Current date and time is: Tue Nov  7 01:09:10 2023
Child pid 10206 ended. Current date and time is: Tue Nov  7 01:09:43 2023
Child pid -1 ended. Current date and time is : Tue Nov  7 01:12:13 2023
Child pid -1 ended. Current date and time is : Tue Nov  7 01:12:16 2023
Child pid 10413 ended. Current date and time is : Tue Nov  7 01:12:40 2023
Child pid -1 ended. Current date and time is : Tue Nov  7 01:14:16 2023
Child pid -1 ended. Current date and time is : Tue Nov  7 01:14:16 2023
Child pid 4118 terminated. Current date and time is: Tue Nov  7 12:07:41 2023
Child pid -1 terminated. Current date and time is: Thu Nov  9 02:00:46 2023
Child pid -1 terminated. Current date and time is: Thu Nov  9 13:48:56 2023
Child pid -1 terminated. Current date and time is: Thu Nov  9 15:17:02 2023
Child pid -1 terminated. Current date and time is: Thu Nov  9 15:17:17 2023
Child pid -1 terminated. Current date and time is: Thu Nov  9 15:17:33 2023
Child pid -1 terminated. Current date and time is: Thu Nov  9 20:25:18 2023
Child pid 8954 terminated. Current date and time is: Thu Nov  9 20:40:13 2023
Child pid -1 terminated. Current date and time is: Thu Nov  9 20:40:36 2023
Child pid -1 terminated. Current date and time is: Thu Nov  9 20:40:41 2023
Child pid -1 terminated. Current date and time is: Thu Nov  9 20:41:40 2023
Child pid -1 terminated. Current date and time is: Thu Nov  9 20:42:23 2023
Child pid -1 terminated. Current date and time is: Thu Nov  9 20:42:28 2023
Child pid -1 terminated. Current date and time is: Thu Nov  9 20:55:21 2023
Child pid -1 terminated. Current date and time is: Thu Nov  9 20:55:29 2023
Child pid -1 terminated. Current date and time is: Thu Nov  9 21:13:05 2023
Child pid -1 terminated. Current date and time is: Thu Nov  9 21:13:05 2023
Child pid -1 terminated. Current date and time is: Thu Nov  9 21:15:37 2023
Child pid -1 terminated. Current date and time is: Thu Nov  9 21:46:03 2023
Child pid -1 terminated. Current date and time is: Thu Nov  9 23:25:43 2023
Child pid -1 terminated. Current date and time is: Thu Nov  9 23:25:47 2023
Child pid 11527 terminated. Current date and time is: Thu Nov  9 23:25:58 2023
Child pid -1 terminated. Current date and time is: Thu Nov  9 23:26:09 2023
Child pid -1 terminated. Current date and time is: Thu Nov  9 23:26:25 2023
Child pid -1 terminated. Current date and time is: Thu Nov  9 23:26:58 2023
Child pid -1 terminated. Current date and time is: Thu Nov  9 23:27:09 2023
Child pid -1 terminated. Current date and time is: Thu Nov  9 23:27:18 2023
Child pid -1 terminated. Current date and time is: Thu Nov  9 23:27:28 2023
Child pid -1 terminated. Current date and time is: Thu Nov  9 23:28:02 2023
Child pid -1 terminated. Current date and time is: Thu Nov  9 23:28:02 2023
Child pid -1 terminated. Current date and time is: Thu Nov  9 23:28:14 2023
Child pid -1 terminated. Current date and time is: Thu Nov  9 23:28:14 2023
Child pid -1 terminated. Current date and time is: Thu Nov  9 23:28:14 2023
Child pid -1 terminated. Current date and time is: Thu Nov  9 23:28:27 2023
Child pid -1 terminated. Current date and time is: Thu Nov  9 23:28:27 2023
Child pid -1 terminated. Current date and time is: Thu Nov  9 23:29:12 2023
Child pid -1 terminated. Current date and time is: Thu Nov  9 23:29:12 2023
Child pid -1 terminated. Current date and time is: Thu Nov  9 23:29:12 2023
Child pid -1 terminated. Current date and time is: Thu Nov  9 23:29:29 2023
Child pid -1 terminated. Current date and time is: Thu Nov  9 23:44:55 2023
Child pid 13317 terminated. Current date and time is: Thu Nov  9 23:45:01 2023
Child pid 13330 terminated. Current date and time is: Thu Nov  9 23:45:38 2023
Child pid -1 terminated. Current date and time is: Thu Nov  9 23:45:43 2023
Child pid -1 terminated. Current date and time is: Thu Nov  9 23:46:07 2023
Child pid 13434 terminated. Current date and time is: Thu Nov  9 23:46:26 2023
Child pid -1 terminated. Current date and time is: Thu Nov  9 23:49:38 2023
Child pid -1 terminated. Current date and time is: Thu Nov  9 23:50:02 2023
Child pid 13591 terminated. Current date and time is: Thu Nov  9 23:50:21 2023
Child pid 13667 terminated. Current date and time is: Thu Nov  9 23:51:31 2023
Child pid -1 terminated. Current date and time is: Thu Nov  9 23:51:35 2023
Child pid 13715 terminated. Current date and time is: Thu Nov  9 23:52:00 2023
Child pid 13917 terminated. Current date and time is: Thu Nov  9 23:56:14 2023
